<?xml version="1.0" encoding="UTF-8"?>
<testsuite name="oop.project.library.scenarios.ScenariosTests" tests="4" skipped="0" failures="0" errors="0" timestamp="2024-11-04T02:17:50" hostname="DESKTOP-VP3IUJ4" time="0.032">
  <properties/>
  <testcase name="[1] Valid, weekday 2024-10-23&#10;, {date=2024-10-23}" classname="oop.project.library.scenarios.ScenariosTests" time="0.025"/>
  <testcase name="[2] Invalid Month, weekday 2024-23-10&#10;, null" classname="oop.project.library.scenarios.ScenariosTests" time="0.002"/>
  <testcase name="[3] Leap Year, weekday 2024-02-29&#10;, {date=2024-02-29}" classname="oop.project.library.scenarios.ScenariosTests" time="0.001"/>
  <testcase name="[4] Invalid, weekday tuesday&#10;, null" classname="oop.project.library.scenarios.ScenariosTests" time="0.001"/>
  <system-out><![CDATA[]]></system-out>
  <system-err><![CDATA[]]></system-err>
</testsuite>
